{
  "stats": {
    "suites": 1,
    "tests": 4,
    "passes": 4,
    "pending": 0,
    "failures": 0,
    "start": "2024-06-22T16:52:37.398Z",
    "end": "2024-06-22T16:52:38.945Z",
    "duration": 1547,
    "testsRegistered": 4,
    "passPercent": 100,
    "pendingPercent": 0,
    "other": 0,
    "hasOther": false,
    "skipped": 0,
    "hasSkipped": false
  },
  "results": [
    {
      "uuid": "39b60e8b-c993-4155-b7c0-33afb494a61f",
      "title": "",
      "fullFile": "D:\\QA Engineer - Digital Skola\\Tugas\\qa_api_automation_ds\\test\\api_test.js",
      "file": "\\test\\api_test.js",
      "beforeHooks": [],
      "afterHooks": [],
      "tests": [],
      "suites": [
        {
          "uuid": "4c4974de-f111-4bee-8b36-2d53ccf142bd",
          "title": "restful-api.dev API Test",
          "fullFile": "D:\\QA Engineer - Digital Skola\\Tugas\\qa_api_automation_ds\\test\\api_test.js",
          "file": "\\test\\api_test.js",
          "beforeHooks": [],
          "afterHooks": [],
          "tests": [
            {
              "title": "TC1 - GET Single Object",
              "fullTitle": "restful-api.dev API Test TC1 - GET Single Object",
              "timedOut": false,
              "duration": 549,
              "state": "passed",
              "speed": "slow",
              "pass": true,
              "fail": false,
              "pending": false,
              "context": null,
              "code": "const schema = readJsonSchema('get_single_object_schema.json');\nconst response = await supertest(baseURL)\n    .get(\"/objects/7\");\n// console.log(response.body);\nexpect(response.status).to.equal(200)\nexpect(response.body.id).to.equal(\"7\")\nexpect(response.body.data.year).to.equal(2019)\nexpect(response.body.data['CPU model']).to.contain(\"Intel\")\nexpect(response.body).to.be.jsonSchema(schema)",
              "err": {},
              "uuid": "e208cb3f-cd7b-4196-a3d6-cf820f898802",
              "parentUUID": "4c4974de-f111-4bee-8b36-2d53ccf142bd",
              "isHook": false,
              "skipped": false
            },
            {
              "title": "TC2 - POST Object",
              "fullTitle": "restful-api.dev API Test TC2 - POST Object",
              "timedOut": false,
              "duration": 410,
              "state": "passed",
              "speed": "slow",
              "pass": true,
              "fail": false,
              "pending": false,
              "context": null,
              "code": "const body = {\n    \"name\": \"Apple MacBook Pro 16\",\n    \"data\": {\n        \"year\": 2019,\n        \"price\": 1849.99,\n        \"CPU model\": \"Intel Core i9\",\n        \"Hard disk size\": \"1 TB\"\n    }\n}\nconst response = await supertest(baseURL)\n    .post(\"/objects\")\n    .send(body);\n\ncreatedID = response.body.id",
              "err": {},
              "uuid": "da736406-c461-4c52-acd5-d87ad9bd6bde",
              "parentUUID": "4c4974de-f111-4bee-8b36-2d53ccf142bd",
              "isHook": false,
              "skipped": false
            },
            {
              "title": "TC3 - DELETE Object",
              "fullTitle": "restful-api.dev API Test TC3 - DELETE Object",
              "timedOut": false,
              "duration": 244,
              "state": "passed",
              "speed": "slow",
              "pass": true,
              "fail": false,
              "pending": false,
              "context": null,
              "code": "console.log(createdID)\nconst response = await supertest(baseURL)\n    .delete(`/objects/${createdID}`);\nconsole.log(response.body);\n// expect(response.status).to.equal(200)\n// expect(response.body.id).to.equal(\"7\")\n// expect(response.body.data.year).to.equal(2019)\n// expect(response.body.data['CPU model']).to.contain(\"Intel\")",
              "err": {},
              "uuid": "ca452a2a-44e0-4e70-92b2-fc724a784149",
              "parentUUID": "4c4974de-f111-4bee-8b36-2d53ccf142bd",
              "isHook": false,
              "skipped": false
            },
            {
              "title": "TC4 - GET Single Object With Invalid Id",
              "fullTitle": "restful-api.dev API Test TC4 - GET Single Object With Invalid Id",
              "timedOut": false,
              "duration": 323,
              "state": "passed",
              "speed": "slow",
              "pass": true,
              "fail": false,
              "pending": false,
              "context": null,
              "code": "const response = await supertest(baseURL)\n    .get(\"/objects/000000000000000\");\nconsole.log(response.body);\nexpect(response.status).to.equal(404);\nexpect(response.body.error).to.contain(\"000000000000000\");",
              "err": {},
              "uuid": "bf44ef51-315c-4a80-abac-4848015640fc",
              "parentUUID": "4c4974de-f111-4bee-8b36-2d53ccf142bd",
              "isHook": false,
              "skipped": false
            }
          ],
          "suites": [],
          "passes": [
            "e208cb3f-cd7b-4196-a3d6-cf820f898802",
            "da736406-c461-4c52-acd5-d87ad9bd6bde",
            "ca452a2a-44e0-4e70-92b2-fc724a784149",
            "bf44ef51-315c-4a80-abac-4848015640fc"
          ],
          "failures": [],
          "pending": [],
          "skipped": [],
          "duration": 1526,
          "root": false,
          "rootEmpty": false,
          "_timeout": 2000
        }
      ],
      "passes": [],
      "failures": [],
      "pending": [],
      "skipped": [],
      "duration": 0,
      "root": true,
      "rootEmpty": true,
      "_timeout": 2000
    }
  ],
  "meta": {
    "mocha": {
      "version": "10.4.0"
    },
    "mochawesome": {
      "options": {
        "quiet": false,
        "reportFilename": "mochawesome",
        "saveHtml": true,
        "saveJson": true,
        "consoleReporter": "spec",
        "useInlineDiffs": false,
        "code": true
      },
      "version": "7.1.3"
    },
    "marge": {
      "options": {
        "reportDir": "report-DigtalSkola",
        "reportFileName": "[status]_[datetime]-[name]-report",
        "html": "true",
        "json": "true",
        "overwrit": "false",
        "timestamp": "longDate"
      },
      "version": "6.2.0"
    }
  }
}