{
  "stats": {
    "suites": 1,
    "tests": 4,
    "passes": 4,
    "pending": 0,
    "failures": 0,
    "start": "2024-06-22T16:37:39.599Z",
    "end": "2024-06-22T16:37:41.575Z",
    "duration": 1976,
    "testsRegistered": 4,
    "passPercent": 100,
    "pendingPercent": 0,
    "other": 0,
    "hasOther": false,
    "skipped": 0,
    "hasSkipped": false
  },
  "results": [
    {
      "uuid": "8da178c9-58b1-4234-b20c-489001c81ef1",
      "title": "",
      "fullFile": "D:\\QA Engineer - Digital Skola\\Tugas\\qa_api_automation_ds\\test\\api_test.js",
      "file": "\\test\\api_test.js",
      "beforeHooks": [],
      "afterHooks": [],
      "tests": [],
      "suites": [
        {
          "uuid": "590f965e-a648-46e8-aa26-327317ec330f",
          "title": "restful-api.dev API Test",
          "fullFile": "D:\\QA Engineer - Digital Skola\\Tugas\\qa_api_automation_ds\\test\\api_test.js",
          "file": "\\test\\api_test.js",
          "beforeHooks": [],
          "afterHooks": [],
          "tests": [
            {
              "title": "TC1 - GET Single Object",
              "fullTitle": "restful-api.dev API Test TC1 - GET Single Object",
              "timedOut": false,
              "duration": 489,
              "state": "passed",
              "speed": "slow",
              "pass": true,
              "fail": false,
              "pending": false,
              "context": null,
              "code": "const schema = readJsonSchema('get_single_object_schema.json');\nconst response = await supertest(baseURL)\n    .get(\"/objects/7\");\n// console.log(response.body);\nexpect(response.status).to.equal(200)\nexpect(response.body.id).to.equal(\"7\")\nexpect(response.body.data.year).to.equal(2019)\nexpect(response.body.data['CPU model']).to.contain(\"Intel\")\nexpect(response.body).to.be.jsonSchema(schema)",
              "err": {},
              "uuid": "b6ef70cf-1290-412a-8a80-3217715b16e0",
              "parentUUID": "590f965e-a648-46e8-aa26-327317ec330f",
              "isHook": false,
              "skipped": false
            },
            {
              "title": "TC2 - POST Object",
              "fullTitle": "restful-api.dev API Test TC2 - POST Object",
              "timedOut": false,
              "duration": 653,
              "state": "passed",
              "speed": "slow",
              "pass": true,
              "fail": false,
              "pending": false,
              "context": null,
              "code": "const body = {\n    \"name\": \"Apple MacBook Pro 16\",\n    \"data\": {\n        \"year\": 2019,\n        \"price\": 1849.99,\n        \"CPU model\": \"Intel Core i9\",\n        \"Hard disk size\": \"1 TB\"\n    }\n}\nconst response = await supertest(baseURL)\n    .post(\"/objects\")\n    .send(body);\n\ncreatedID = response.body.id",
              "err": {},
              "uuid": "644f3ce7-8f7c-4d76-a48b-b2d6c0ea0705",
              "parentUUID": "590f965e-a648-46e8-aa26-327317ec330f",
              "isHook": false,
              "skipped": false
            },
            {
              "title": "TC3 - DELETE Object",
              "fullTitle": "restful-api.dev API Test TC3 - DELETE Object",
              "timedOut": false,
              "duration": 410,
              "state": "passed",
              "speed": "slow",
              "pass": true,
              "fail": false,
              "pending": false,
              "context": null,
              "code": "console.log(createdID)\nconst response = await supertest(baseURL)\n    .delete(`/objects/${createdID}`);\nconsole.log(response.body);\n// expect(response.status).to.equal(200)\n// expect(response.body.id).to.equal(\"7\")\n// expect(response.body.data.year).to.equal(2019)\n// expect(response.body.data['CPU model']).to.contain(\"Intel\")",
              "err": {},
              "uuid": "f130c200-431f-4bdf-aabc-004ac4450913",
              "parentUUID": "590f965e-a648-46e8-aa26-327317ec330f",
              "isHook": false,
              "skipped": false
            },
            {
              "title": "TC4 - GET Single Object With Invalid Id",
              "fullTitle": "restful-api.dev API Test TC4 - GET Single Object With Invalid Id",
              "timedOut": false,
              "duration": 409,
              "state": "passed",
              "speed": "slow",
              "pass": true,
              "fail": false,
              "pending": false,
              "context": null,
              "code": "const response = await supertest(baseURL)\n    .get(\"/objects/000000000000000\");\nconsole.log(response.body);\nexpect(response.status).to.equal(404);\nexpect(response.body.error).to.contain(\"000000000000000\");",
              "err": {},
              "uuid": "99a63a21-777b-4b0e-8605-4d0581442e25",
              "parentUUID": "590f965e-a648-46e8-aa26-327317ec330f",
              "isHook": false,
              "skipped": false
            }
          ],
          "suites": [],
          "passes": [
            "b6ef70cf-1290-412a-8a80-3217715b16e0",
            "644f3ce7-8f7c-4d76-a48b-b2d6c0ea0705",
            "f130c200-431f-4bdf-aabc-004ac4450913",
            "99a63a21-777b-4b0e-8605-4d0581442e25"
          ],
          "failures": [],
          "pending": [],
          "skipped": [],
          "duration": 1961,
          "root": false,
          "rootEmpty": false,
          "_timeout": 2000
        }
      ],
      "passes": [],
      "failures": [],
      "pending": [],
      "skipped": [],
      "duration": 0,
      "root": true,
      "rootEmpty": true,
      "_timeout": 2000
    }
  ],
  "meta": {
    "mocha": {
      "version": "10.4.0"
    },
    "mochawesome": {
      "options": {
        "quiet": false,
        "reportFilename": "mochawesome",
        "saveHtml": true,
        "saveJson": true,
        "consoleReporter": "spec",
        "useInlineDiffs": false,
        "code": true
      },
      "version": "7.1.3"
    },
    "marge": {
      "options": null,
      "version": "6.2.0"
    }
  }
}